cracklib-dicts-2.8.9-3.3
centos-release-notes-5.4-4
etherboot-zroms-5.4.4-10.el5.centos
glib2-2.12.3-4.el5_3.1
popt-1.10.2.3-18.el5
libICE-1.0.1-2.1
bzip2-libs-1.0.3-4.el5_2
libjpeg-6b-37
info-4.8-14.el5
freetype-2.2.1-21.el5_3
sqlite-3.3.6-5
libcap-1.10-26
audiofile-0.2.6-5
tcp_wrappers-7.6-40.7.el5
bridge-utils-1.1-2
diffutils-2.8.1-15.2.3.el5
pcre-6.6-2.el5_1.7
libbonobo-2.16.0-1.fc6
libvolume_id-095-14.21.el5
procps-3.2.7-11.1.el5
desktop-file-utils-0.10-7
iproute-2.6.18-10.el5
libevent-1.1a-3.2.1
checkpolicy-1.33.1-4.el5
mingetty-1.07-5.2.2
file-4.17-15.el5_3.1
glib2-2.12.3-4.el5_3.1
libpng-1.2.10-7.1.el5_3.2
atk-1.12.2-1.fc6
cyrus-sasl-lib-2.1.22-5.el5
libtiff-3.8.2-7.el5_3.4
libusb-0.1.12-5.1
nss-3.12.3.99.3-1.el5.centos.2
libogg-1.1.3-3.el5
qffmpeg-libs-0.4.9-0.15.20080908.el5
libXrender-0.9.1-3.1
libXcursor-1.1.7-1.1
libXxf86vm-1.0.1-3.1
redhat-logos-4.9.99-11.el5.centos
libXext-1.0.1-2.1
libXi-1.0.1-3.1
e2fsprogs-libs-1.39-23.el5
findutils-4.2.27-6.el5
libxml2-python-2.6.26-2.1.2.8
esound-0.2.36-3
cyrus-sasl-md5-2.1.22-5.el5
mesa-libGL-6.5.1-7.7.el5
libselinux-python-1.33.4-5.5.el5
yum-metadata-parser-1.1.2-3.el5.centos
python-sqlite-1.1.7-1.2.1
libselinux-utils-1.33.4-5.5.el5
vim-minimal-7.0.109-6.el5
hicolor-icon-theme-0.9-2.1
python-iniparse-0.2.3-4.el5
pango-1.14.9-6.el5.centos
pango-1.14.9-6.el5.centos
gtk-vnc-python-0.3.8-3.el5
fipscheck-lib-1.2.0-1.el5
libselinux-1.33.4-5.5.el5
device-mapper-1.02.32-1.el5
rpm-python-4.4.2.3-18.el5
yum-fastestmirror-1.1.16-13.el5.centos
parted-1.8.1-23.el5
libglade2-2.6.0-2
libwnck-2.16.0-4.fc6
initscripts-8.45.30-2.el5.centos
mcstrans-0.2.11-3.el5
libnotify-0.4.2-6.el5
kbd-1.12-21.el5
setools-3.0-3.el5
hal-0.5.8.1-52.el5
hwdata-0.213.16-1.el5
virt-viewer-0.0.2-3.el5
libbonoboui-2.16.0-1.fc6
librsvg2-2.16.1-1.el5
gnome-python2-bonobo-2.16.0-1.fc6
gpg-pubkey-e8562897-459f07a4
libgcc-4.1.2-46.el5_4.2
coreutils-5.97-23.el5_4.1
iptables-1.3.5-5.3.el5_4.1
libstdc++-4.1.2-46.el5_4.2
mysql-5.0.77-4.el5_4.1
kpartx-0.4.7-30.el5_4.4
openssh-server-4.3p2-36.el5_4.3
gnutls-1.4.1-3.el5_3.5
expat-1.95.8-8.3.el5_4.2
kernel-2.6.18-164.10.1.el5
dbus-libs-1.1.2-12.el5_4.1
dbus-1.1.2-12.el5_4.1
gpm-1.20.1-74.1
groff-1.18.1.1-11.1
patch-2.5.4-29.2.3.el5
libgomp-4.4.0-6.el5
glibc-headers-2.5-42.el5_4.2
ncurses-devel-5.5-24.20060715
setup-2.5.58-7.el5
basesystem-8.0-5.1.1.el5.centos
termcap-5.5-1.20060701.1
nash-5.1.19.6-54
gnome-mime-data-2.4.2-3.1
rootfiles-8.1-1.1.1
zlib-1.2.3-3
atk-1.12.2-1.fc6
mktemp-1.5-23.2.2
libpng-1.2.10-7.1.el5_3.2
libSM-1.0.1-3.1
libgcrypt-1.4.4-5.el5
libart_lgpl-2.3.17-4
db4-4.3.29-10.el5
libtermcap-2.0.8-46.1
libxml2-2.6.26-2.1.2.8
libsepol-1.15.2-2.el5
nss-3.12.3.99.3-1.el5.centos.2
sed-4.1.5-5.fc6
gawk-3.1.5-14.el5
cyrus-sasl-lib-2.1.22-5.el5
libattr-2.4.32-1.1
elfutils-libelf-0.137-3.el5
libtiff-3.8.2-7.el5_3.4
qffmpeg-libs-0.4.9-0.15.20080908.el5
libsysfs-2.0.0-6
perl-5.8.8-27.el5
keyutils-1.2-1.el5
cpio-2.6-23.el5
libxslt-1.1.17-2.el5_2.2
log4cpp-1.0-4.el5
grep-2.5.1-55.el5
ORBit2-2.14.3-5.el5
libXau-1.0.1-3.1
slang-2.0.6-4.el5
perl-DBI-1.52-2.el5
less-394-6.el5
binutils-2.17.50.0.6-12.el5
tcl-8.4.13-4.el5
iputils-20020927-46.el5
sgpio-1.2.0_10-2.el5
libdaemon-0.10-5.el5
qpixman-0.13.3-4.el5
libdrm-2.0.2-1.1
libogg-1.1.3-3.el5
wireless-tools-28-2.el5
sysfsutils-2.0.0-6
ed-0.2-39.el5_2
libhugetlbfs-1.3-3.el5
setserial-2.17-19.2.2
zlib-1.2.3-3
audit-libs-1.7.13-2.el5
freetype-2.2.1-21.el5_3
libjpeg-6b-37
readline-5.1-3.el5
libgpg-error-1.4-2
libcap-1.10-26
libgcrypt-1.4.4-5.el5
keyutils-libs-1.2-1.el5
libdaemon-0.10-5.el5
shared-mime-info-0.19-5.el5
libxml2-2.6.26-2.1.2.8
libvolume_id-095-14.21.el5
qpixman-0.13.3-4.el5
celt051-0.5.1.3-0.el5
libhugetlbfs-1.3-3.el5
xorg-x11-filesystem-7.1-2.fc6
libXext-1.0.1-2.1
libXrandr-1.1.1-3.1
bitstream-vera-fonts-1.10-7
libXres-1.0.1-3.1
libXi-1.0.1-3.1
startup-notification-0.8-4.1
centos-release-5-4.el5.centos.1
libX11-1.0.3-11.el5
libXrender-0.9.1-3.1
libXfixes-4.0.1-2.1
libXrandr-1.1.1-3.1
libXinerama-1.0.1-2.1
device-mapper-1.02.32-1.el5
shadow-utils-4.0.17-14.el5
cairo-1.2.4-5.el5
openssl-0.9.8e-12.el5
openldap-2.3.43-3.el5
libXft-2.1.10-1.1
alsa-lib-1.0.17-1.el5
libsemanage-1.9.1-4.4.el5
iscsi-initiator-utils-6.2.0.871-0.10.el5
tar-1.15.1-23.0.1.el5
mesa-libGLU-6.5.1-7.7.el5
SDL-1.2.10-8.el5
audit-libs-python-1.7.13-2.el5
cracklib-2.8.9-3.3
python-numeric-23.7-2.2.2
python-elementtree-1.2.6-5
pygobject2-2.12.1-5.el5
libutempter-1.1.4-4.el5
device-mapper-event-1.02.32-1.el5
logrotate-3.7.4-9
psmisc-22.2-7
MAKEDEV-3.23-1.2
rhpl-0.194.1-1
fontconfig-2.4.1-7.el5
python-urlgrabber-3.1.0-5.el5
opensp-1.5.2-4
bitmap-fonts-0.3-5.1.1
cairo-1.2.4-5.el5
cracklib-2.8.9-3.3
udev-095-14.21.el5
SysVinit-2.86-15.el5
libXft-2.1.10-1.1
gtk2-2.10.4-20.el5
gtk-vnc-0.3.8-3.el5
trousers-0.3.1-4.el5
docbook-dtds-1.0-30.1
scrollkeeper-0.3.14-9.el5
rpm-4.4.2.3-18.el5
dmraid-1.0.0.rc13-53.el5
rpm-libs-4.4.2.3-18.el5
util-linux-2.13-0.52.el5
dbus-glib-0.73-8.el5
openssl-0.9.8e-12.el5
nfs-utils-lib-1.0.8-7.6.el5
usermode-1.88-3.el5.2
fipscheck-1.2.0-1.el5
yum-3.2.22-20.el5.centos
authconfig-5.3.21-6.el5
ecryptfs-utils-75-5.el5
gnome-keyring-0.6.0-1.fc6
libgnomecanvas-2.14.0-4.1
pygtk2-libglade-2.10.1-12.el5
trousers-0.3.1-4.el5
ecryptfs-utils-75-5.el5
dbus-glib-0.73-8.el5
avahi-0.6.16-6.el5
cyrus-sasl-2.1.22-5.el5
notification-daemon-0.3.5-9.el5
exim-4.63-3.el5
vte-0.14.0-2.el5
mdadm-2.6.9-2.el5
dhcpv6-client-1.0.10-17.el5
avahi-0.6.16-6.el5
mkinitrd-5.1.19.6-54
nfs-utils-1.0.9-42.el5
pciutils-2.2.3-7.el5
hal-0.5.8.1-52.el5
kernel-2.6.18-164.el5
kudzu-1.2.57.1.21-1.el5.centos
mkinitrd-5.1.19.6-54
libgnome-2.16.0-6.el5
libgnomeui-2.16.0-5.el5
libgsf-1.14.1-6.1
gnome-python2-2.16.0-1.fc6
gnome-python2-gnomevfs-2.16.0-1.fc6
gnome-python2-desktop-2.16.0-3.el5
virt-manager-0.6.1-8.el5
tzdata-2009u-1.el5
selinux-policy-2.4.6-255.el5_4.3
libgcc-4.1.2-46.el5_4.2
glibc-2.5-42.el5_4.2
krb5-libs-1.6.1-36.el5_4.1
gnutls-1.4.1-3.el5_3.5
qspice-libs-0.3.0-39.el5_4.3
dnsmasq-2.45-1.1.el5_3
xen-libs-3.0.3-94.el5_4.3
openssh-4.3p2-36.el5_4.3
cups-libs-1.3.7-11.el5_4.4
newt-0.52.2-12.el5_4.1
libuser-0.54.7-2.1.el5_4.1
openssh-clients-4.3p2-36.el5_4.3
iptables-ipv6-1.3.5-5.3.el5_4.1
wget-1.11.4-2.el5_4.1
vim-common-7.0.109-6.el5
screen-4.0.3-1.el5_4.1
bzip2-1.0.3-4.el5_2
unzip-5.52-3.el5
elfutils-libs-0.137-3.el5
rpm-build-4.4.2.3-18.el5
cpp-4.1.2-46.el5_4.2
kernel-headers-2.6.18-164.10.1.el5
glibc-devel-2.5-42.el5_4.2
ncurses-devel-5.5-24.20060715
htop-0.8.3-1
dhclient-3.0.5-21.el5_4.1
krb5-libs-1.6.1-36.el5_4.1
cups-libs-1.3.7-11.el5_4.4
nspr-4.7.6-1.el5_4
kvm-qemu-img-83-105.el5_4.13
kmod-kvm-83-105.el5_4.13
selinux-policy-targeted-2.4.6-255.el5_4.3
libvirt-0.6.3-20.1.el5_4
dbus-python-0.70-9.el5_4
dbus-libs-1.1.2-12.el5_4.1
filesystem-2.4.0-2.el5.centos
etherboot-zroms-kvm-5.4.4-10.el5.centos
chkconfig-1.3.30.1-2
audit-libs-1.7.13-2.el5
libgpg-error-1.4-2
bash-3.2-24.el5
ncurses-5.5-24.20060715
readline-5.1-3.el5
libacl-2.2.39-3.el5
keyutils-libs-1.2-1.el5
gdbm-1.8.0-26.2.1
hmaccalc-0.9.6-1.el5
libusb-0.1.12-5.1
libIDL-0.8.7-1.fc6
numactl-0.9.8-8.el5
gzip-1.3.5-10.el5.centos
gamin-0.1.7-8.el5
libXdmcp-1.0.1-2.1
ethtool-6-3.el5
celt051-0.5.1.3-0.el5
udftools-1.0.0b3-0.1.el5
hdparm-6.6-2
libsepol-1.15.2-2.el5
ncurses-5.5-24.20060715
nc-1.84-10.fc6
libXau-1.0.1-3.1
libcroco-0.6.1-2.1
numactl-0.9.8-8.el5
libXdmcp-1.0.1-2.1
libtermcap-2.0.8-46.1
libX11-1.0.3-11.el5
libXfixes-4.0.1-2.1
libXinerama-1.0.1-2.1
crontabs-1.10-8
grub-0.97-13.5
libXcursor-1.1.7-1.1
libselinux-1.33.4-5.5.el5
cryptsetup-luks-1.0.3-5.el5
fontconfig-2.4.1-7.el5
python-2.4.3-27.el5
qcairo-1.8.7.1-3.el5
m2crypto-0.16-6.el5.6
pyorbit-2.14.1-3.el5
parted-1.8.1-23.el5
net-tools-1.60-78.el5
system-config-securitylevel-tui-1.6.29.1-2.1.el5
sgml-common-0.6.3-18
openjade-1.3.2-27
xml-common-0.6.3-18
pam-0.99.6.2-6.el5
pycairo-1.2.0-1.1
GConf2-2.14.0-9.el5
qcairo-1.8.7.1-3.el5
e2fsprogs-1.39-23.el5
e2fsprogs-libs-1.39-23.el5
pam-0.99.6.2-6.el5
libgssapi-0.10-2
passwd-0.73-1
dmraid-events-1.0.0.rc13-53.el5
prelink-0.4.0-2.el5
gtk2-2.10.4-20.el5
pygtk2-2.10.1-12.el5
policycoreutils-1.33.12-14.6.el5
portmap-4.0-65.2.2.1
sysklogd-1.4.1-44.el5
avahi-glib-0.6.16-6.el5
module-init-tools-3.3-0.pre3.1.54.el5
pm-utils-0.99.3-10.el5.centos
python-virtinst-0.400.3-5.el5
gnome-vfs2-2.16.2-4.el5
gnome-mount-0.5-3.el5
gnome-python2-gconf-2.16.0-1.fc6
gnome-python2-gnomekeyring-2.16.0-3.el5
glibc-common-2.5-42.el5_4.2
glibc-2.5-42.el5_4.2
nspr-4.7.6-1.el5_4
lvm2-2.02.46-8.el5_4.2
expat-1.95.8-8.3.el5_4.2
postgresql-libs-8.1.18-2.el5_4.1
device-mapper-multipath-0.4.7-30.el5_4.4
dmidecode-2.10-2.el5_4
xen-libs-3.0.3-94.el5_4.3
libstdc++-4.1.2-46.el5_4.2
kvm-83-105.el5_4.13
libvirt-python-0.6.3-20.1.el5_4
libvirt-0.6.3-20.1.el5_4
vim-enhanced-7.0.109-6.el5
man-1.6d-1.1
elfutils-0.137-3.el5
make-3.81-3.el5
gcc-4.1.2-46.el5_4.2
